\BOOKMARK [1][-]{section.1}{Lich s sa i}{}% 1
\BOOKMARK [1][-]{section.2}{Gii thiu}{}% 2
\BOOKMARK [2][-]{subsection.2.1}{Gii thiu chung v Bl ockChain}{section.2}% 3
\BOOKMARK [2][-]{subsection.2.2}{Tng quan Ethereum}{section.2}% 4
\BOOKMARK [3][-]{subsubsection.2.2.1}{Lich s ra i}{subsection.2.2}% 5
\BOOKMARK [3][-]{subsubsection.2.2.2}{C\341c th\340nh phn c ban cua Ethereum}{subsection.2.2}% 6
\BOOKMARK [2][-]{subsection.2.3}{Mt v\340i ng cua Ethereum}{section.2}% 7
\BOOKMARK [1][-]{section.3}{Chi tit trong Ethereum}{}% 8
\BOOKMARK [2][-]{subsection.3.1}{Tng quan}{section.3}% 9
\BOOKMARK [2][-]{subsection.3.2}{M\364 h\354nh BlockChain}{section.3}% 10
\BOOKMARK [2][-]{subsection.3.3}{Nhng qui tc}{section.3}% 11
\BOOKMARK [2][-]{subsection.3.4}{Khi, Trang th\341i v\340 c\341c giao dich}{section.3}% 12
\BOOKMARK [3][-]{subsubsection.3.4.1}{Th\352 Gii Trang Th\341i \(World State\)}{subsection.3.4}% 13
\BOOKMARK [3][-]{subsubsection.3.4.2}{\320ia chi\(Homestead\)}{subsection.3.4}% 14
\BOOKMARK [3][-]{subsubsection.3.4.3}{Giao Dich\(Transaction\)}{subsection.3.4}% 15
\BOOKMARK [3][-]{subsubsection.3.4.4}{Khi\(block\)}{subsection.3.4}% 16
\BOOKMARK [2][-]{subsection.3.5}{Gas v\340 s thanh to\341n}{section.3}% 17
\BOOKMARK [2][-]{subsection.3.6}{Thc hin giao dich}{section.3}% 18
\BOOKMARK [1][-]{section.4}{C\340i t}{}% 19
\BOOKMARK [1][-]{section.5}{Voting app}{}% 20
\BOOKMARK [1][-]{section.6}{T\340i Liu Tham Khao}{}% 21
