This is pdfTeX, Version 3.14159265-2.6-1.40.17 (MiKTeX 2.9.6210 64-bit) (preloaded format=pdflatex 2017.3.4)  11 NOV 2017 13:59
entering extended mode
**./cnd.tex
(cnd.tex
LaTeX2e <2017/01/01> patch level 1
Babel <3.9r> and hyphenation patterns for 75 language(s) loaded.
("C:\Program Files\MiKTeX 2.9\tex\latex\base\article.cls"
Document Class: article 2014/09/29 v1.4h Standard LaTeX document class
("C:\Program Files\MiKTeX 2.9\tex\latex\base\size12.clo"
File: size12.clo 2014/09/29 v1.4h Standard LaTeX file (size option)
)
\c@part=\count79
\c@section=\count80
\c@subsection=\count81
\c@subsubsection=\count82
\c@paragraph=\count83
\c@subparagraph=\count84
\c@figure=\count85
\c@table=\count86
\abovecaptionskip=\skip41
\belowcaptionskip=\skip42
\bibindent=\dimen102
)
("C:\Program Files\MiKTeX 2.9\tex\latex\vntex\vietnam.sty"
Package: vietnam 2009/07/12 v1.3 support for Vietnamese

("C:\Program Files\MiKTeX 2.9\tex\latex\base\ifthen.sty"
Package: ifthen 2014/09/29 v1.1c Standard LaTeX ifthen package (DPC)
)
("C:\Program Files\MiKTeX 2.9\tex\latex\base\fontenc.sty"
Package: fontenc 2017/01/24 v2.0c Standard LaTeX package

("C:\Program Files\MiKTeX 2.9\tex\latex\vntex\t5enc.def"
File: t5enc.def 2006/11/21 v1.4 Vietnamese T5 encoding
)
LaTeX Font Info:    Try loading font information for T5+cmr on input line 105.

("C:\Program Files\MiKTeX 2.9\tex\latex\vntex\t5cmr.fd"
File: t5cmr.fd 1999/05/25 v2.5h Standard LaTeX font definitions
))
("C:\Program Files\MiKTeX 2.9\tex\latex\base\inputenc.sty"
Package: inputenc 2015/03/17 v1.2c Input encoding file
\inpenc@prehook=\toks14
\inpenc@posthook=\toks15

("C:\Program Files\MiKTeX 2.9\tex\latex\base\utf8.def"
File: utf8.def 2016/02/28 v1.1s UTF-8 support for inputenc
Now handling font encoding OML ...
... no UTF-8 mapping file for font encoding OML
Now handling font encoding T1 ...
... processing UTF-8 mapping file for font encoding T1

("C:\Program Files\MiKTeX 2.9\tex\latex\base\t1enc.dfu"
File: t1enc.dfu 2016/02/28 v1.1s UTF-8 support for inputenc
   defining Unicode char U+00A0 (decimal 160)
   defining Unicode char U+00A1 (decimal 161)
   defining Unicode char U+00A3 (decimal 163)
   defining Unicode char U+00AB (decimal 171)
   defining Unicode char U+00AD (decimal 173)
   defining Unicode char U+00BB (decimal 187)
   defining Unicode char U+00BF (decimal 191)
   defining Unicode char U+00C0 (decimal 192)
   defining Unicode char U+00C1 (decimal 193)
   defining Unicode char U+00C2 (decimal 194)
   defining Unicode char U+00C3 (decimal 195)
   defining Unicode char U+00C4 (decimal 196)
   defining Unicode char U+00C5 (decimal 197)
   defining Unicode char U+00C6 (decimal 198)
   defining Unicode char U+00C7 (decimal 199)
   defining Unicode char U+00C8 (decimal 200)
   defining Unicode char U+00C9 (decimal 201)
   defining Unicode char U+00CA (decimal 202)
   defining Unicode char U+00CB (decimal 203)
   defining Unicode char U+00CC (decimal 204)
   defining Unicode char U+00CD (decimal 205)
   defining Unicode char U+00CE (decimal 206)
   defining Unicode char U+00CF (decimal 207)
   defining Unicode char U+00D0 (decimal 208)
   defining Unicode char U+00D1 (decimal 209)
   defining Unicode char U+00D2 (decimal 210)
   defining Unicode char U+00D3 (decimal 211)
   defining Unicode char U+00D4 (decimal 212)
   defining Unicode char U+00D5 (decimal 213)
   defining Unicode char U+00D6 (decimal 214)
   defining Unicode char U+00D8 (decimal 216)
   defining Unicode char U+00D9 (decimal 217)
   defining Unicode char U+00DA (decimal 218)
   defining Unicode char U+00DB (decimal 219)
   defining Unicode char U+00DC (decimal 220)
   defining Unicode char U+00DD (decimal 221)
   defining Unicode char U+00DE (decimal 222)
   defining Unicode char U+00DF (decimal 223)
   defining Unicode char U+00E0 (decimal 224)
   defining Unicode char U+00E1 (decimal 225)
   defining Unicode char U+00E2 (decimal 226)
   defining Unicode char U+00E3 (decimal 227)
   defining Unicode char U+00E4 (decimal 228)
   defining Unicode char U+00E5 (decimal 229)
   defining Unicode char U+00E6 (decimal 230)
   defining Unicode char U+00E7 (decimal 231)
   defining Unicode char U+00E8 (decimal 232)
   defining Unicode char U+00E9 (decimal 233)
   defining Unicode char U+00EA (decimal 234)
   defining Unicode char U+00EB (decimal 235)
   defining Unicode char U+00EC (decimal 236)
   defining Unicode char U+00ED (decimal 237)
   defining Unicode char U+00EE (decimal 238)
   defining Unicode char U+00EF (decimal 239)
   defining Unicode char U+00F0 (decimal 240)
   defining Unicode char U+00F1 (decimal 241)
   defining Unicode char U+00F2 (decimal 242)
   defining Unicode char U+00F3 (decimal 243)
   defining Unicode char U+00F4 (decimal 244)
   defining Unicode char U+00F5 (decimal 245)
   defining Unicode char U+00F6 (decimal 246)
   defining Unicode char U+00F8 (decimal 248)
   defining Unicode char U+00F9 (decimal 249)
   defining Unicode char U+00FA (decimal 250)
   defining Unicode char U+00FB (decimal 251)
   defining Unicode char U+00FC (decimal 252)
   defining Unicode char U+00FD (decimal 253)
   defining Unicode char U+00FE (decimal 254)
   defining Unicode char U+00FF (decimal 255)
   defining Unicode char U+0100 (decimal 256)
   defining Unicode char U+0101 (decimal 257)
   defining Unicode char U+0102 (decimal 258)
   defining Unicode char U+0103 (decimal 259)
   defining Unicode char U+0104 (decimal 260)
   defining Unicode char U+0105 (decimal 261)
   defining Unicode char U+0106 (decimal 262)
   defining Unicode char U+0107 (decimal 263)
   defining Unicode char U+0108 (decimal 264)
   defining Unicode char U+0109 (decimal 265)
   defining Unicode char U+010A (decimal 266)
   defining Unicode char U+010B (decimal 267)
   defining Unicode char U+010C (decimal 268)
   defining Unicode char U+010D (decimal 269)
   defining Unicode char U+010E (decimal 270)
   defining Unicode char U+010F (decimal 271)
   defining Unicode char U+0110 (decimal 272)
   defining Unicode char U+0111 (decimal 273)
   defining Unicode char U+0112 (decimal 274)
   defining Unicode char U+0113 (decimal 275)
   defining Unicode char U+0114 (decimal 276)
   defining Unicode char U+0115 (decimal 277)
   defining Unicode char U+0116 (decimal 278)
   defining Unicode char U+0117 (decimal 279)
   defining Unicode char U+0118 (decimal 280)
   defining Unicode char U+0119 (decimal 281)
   defining Unicode char U+011A (decimal 282)
   defining Unicode char U+011B (decimal 283)
   defining Unicode char U+011C (decimal 284)
   defining Unicode char U+011D (decimal 285)
   defining Unicode char U+011E (decimal 286)
   defining Unicode char U+011F (decimal 287)
   defining Unicode char U+0120 (decimal 288)
   defining Unicode char U+0121 (decimal 289)
   defining Unicode char U+0122 (decimal 290)
   defining Unicode char U+0123 (decimal 291)
   defining Unicode char U+0124 (decimal 292)
   defining Unicode char U+0125 (decimal 293)
   defining Unicode char U+0128 (decimal 296)
   defining Unicode char U+0129 (decimal 297)
   defining Unicode char U+012A (decimal 298)
   defining Unicode char U+012B (decimal 299)
   defining Unicode char U+012C (decimal 300)
   defining Unicode char U+012D (decimal 301)
   defining Unicode char U+012E (decimal 302)
   defining Unicode char U+012F (decimal 303)
   defining Unicode char U+0130 (decimal 304)
   defining Unicode char U+0131 (decimal 305)
   defining Unicode char U+0132 (decimal 306)
   defining Unicode char U+0133 (decimal 307)
   defining Unicode char U+0134 (decimal 308)
   defining Unicode char U+0135 (decimal 309)
   defining Unicode char U+0136 (decimal 310)
   defining Unicode char U+0137 (decimal 311)
   defining Unicode char U+0139 (decimal 313)
   defining Unicode char U+013A (decimal 314)
   defining Unicode char U+013B (decimal 315)
   defining Unicode char U+013C (decimal 316)
   defining Unicode char U+013D (decimal 317)
   defining Unicode char U+013E (decimal 318)
   defining Unicode char U+0141 (decimal 321)
   defining Unicode char U+0142 (decimal 322)
   defining Unicode char U+0143 (decimal 323)
   defining Unicode char U+0144 (decimal 324)
   defining Unicode char U+0145 (decimal 325)
   defining Unicode char U+0146 (decimal 326)
   defining Unicode char U+0147 (decimal 327)
   defining Unicode char U+0148 (decimal 328)
   defining Unicode char U+014A (decimal 330)
   defining Unicode char U+014B (decimal 331)
   defining Unicode char U+014C (decimal 332)
   defining Unicode char U+014D (decimal 333)
   defining Unicode char U+014E (decimal 334)
   defining Unicode char U+014F (decimal 335)
   defining Unicode char U+0150 (decimal 336)
   defining Unicode char U+0151 (decimal 337)
   defining Unicode char U+0152 (decimal 338)
   defining Unicode char U+0153 (decimal 339)
   defining Unicode char U+0154 (decimal 340)
   defining Unicode char U+0155 (decimal 341)
   defining Unicode char U+0156 (decimal 342)
   defining Unicode char U+0157 (decimal 343)
   defining Unicode char U+0158 (decimal 344)
   defining Unicode char U+0159 (decimal 345)
   defining Unicode char U+015A (decimal 346)
   defining Unicode char U+015B (decimal 347)
   defining Unicode char U+015C (decimal 348)
   defining Unicode char U+015D (decimal 349)
   defining Unicode char U+015E (decimal 350)
   defining Unicode char U+015F (decimal 351)
   defining Unicode char U+0160 (decimal 352)
   defining Unicode char U+0161 (decimal 353)
   defining Unicode char U+0162 (decimal 354)
   defining Unicode char U+0163 (decimal 355)
   defining Unicode char U+0164 (decimal 356)
   defining Unicode char U+0165 (decimal 357)
   defining Unicode char U+0168 (decimal 360)
   defining Unicode char U+0169 (decimal 361)
   defining Unicode char U+016A (decimal 362)
   defining Unicode char U+016B (decimal 363)
   defining Unicode char U+016C (decimal 364)
   defining Unicode char U+016D (decimal 365)
   defining Unicode char U+016E (decimal 366)
   defining Unicode char U+016F (decimal 367)
   defining Unicode char U+0170 (decimal 368)
   defining Unicode char U+0171 (decimal 369)
   defining Unicode char U+0172 (decimal 370)
   defining Unicode char U+0173 (decimal 371)
   defining Unicode char U+0174 (decimal 372)
   defining Unicode char U+0175 (decimal 373)
   defining Unicode char U+0176 (decimal 374)
   defining Unicode char U+0177 (decimal 375)
   defining Unicode char U+0178 (decimal 376)
   defining Unicode char U+0179 (decimal 377)
   defining Unicode char U+017A (decimal 378)
   defining Unicode char U+017B (decimal 379)
   defining Unicode char U+017C (decimal 380)
   defining Unicode char U+017D (decimal 381)
   defining Unicode char U+017E (decimal 382)
   defining Unicode char U+01CD (decimal 461)
   defining Unicode char U+01CE (decimal 462)
   defining Unicode char U+01CF (decimal 463)
   defining Unicode char U+01D0 (decimal 464)
   defining Unicode char U+01D1 (decimal 465)
   defining Unicode char U+01D2 (decimal 466)
   defining Unicode char U+01D3 (decimal 467)
   defining Unicode char U+01D4 (decimal 468)
   defining Unicode char U+01E2 (decimal 482)
   defining Unicode char U+01E3 (decimal 483)
   defining Unicode char U+01E6 (decimal 486)
   defining Unicode char U+01E7 (decimal 487)
   defining Unicode char U+01E8 (decimal 488)
   defining Unicode char U+01E9 (decimal 489)
   defining Unicode char U+01EA (decimal 490)
   defining Unicode char U+01EB (decimal 491)
   defining Unicode char U+01F0 (decimal 496)
   defining Unicode char U+01F4 (decimal 500)
   defining Unicode char U+01F5 (decimal 501)
   defining Unicode char U+0218 (decimal 536)
   defining Unicode char U+0219 (decimal 537)
   defining Unicode char U+021A (decimal 538)
   defining Unicode char U+021B (decimal 539)
   defining Unicode char U+1E02 (decimal 7682)
   defining Unicode char U+1E03 (decimal 7683)
   defining Unicode char U+200C (decimal 8204)
   defining Unicode char U+2010 (decimal 8208)
   defining Unicode char U+2011 (decimal 8209)
   defining Unicode char U+2012 (decimal 8210)
   defining Unicode char U+2013 (decimal 8211)
   defining Unicode char U+2014 (decimal 8212)
   defining Unicode char U+2015 (decimal 8213)
   defining Unicode char U+2018 (decimal 8216)
   defining Unicode char U+2019 (decimal 8217)
   defining Unicode char U+201A (decimal 8218)
   defining Unicode char U+201C (decimal 8220)
   defining Unicode char U+201D (decimal 8221)
   defining Unicode char U+201E (decimal 8222)
   defining Unicode char U+2030 (decimal 8240)
   defining Unicode char U+2031 (decimal 8241)
   defining Unicode char U+2039 (decimal 8249)
   defining Unicode char U+203A (decimal 8250)
   defining Unicode char U+2423 (decimal 9251)
)
Now handling font encoding OT1 ...
... processing UTF-8 mapping file for font encoding OT1

("C:\Program Files\MiKTeX 2.9\tex\latex\base\ot1enc.dfu"
File: ot1enc.dfu 2016/02/28 v1.1s UTF-8 support for inputenc
   defining Unicode char U+00A0 (decimal 160)
   defining Unicode char U+00A1 (decimal 161)
   defining Unicode char U+00A3 (decimal 163)
   defining Unicode char U+00AD (decimal 173)
   defining Unicode char U+00B8 (decimal 184)
   defining Unicode char U+00BF (decimal 191)
   defining Unicode char U+00C5 (decimal 197)
   defining Unicode char U+00C6 (decimal 198)
   defining Unicode char U+00D8 (decimal 216)
   defining Unicode char U+00DF (decimal 223)
   defining Unicode char U+00E6 (decimal 230)
   defining Unicode char U+00EC (decimal 236)
   defining Unicode char U+00ED (decimal 237)
   defining Unicode char U+00EE (decimal 238)
   defining Unicode char U+00EF (decimal 239)
   defining Unicode char U+00F8 (decimal 248)
   defining Unicode char U+0131 (decimal 305)
   defining Unicode char U+0141 (decimal 321)
   defining Unicode char U+0142 (decimal 322)
   defining Unicode char U+0152 (decimal 338)
   defining Unicode char U+0153 (decimal 339)
   defining Unicode char U+0174 (decimal 372)
   defining Unicode char U+0175 (decimal 373)
   defining Unicode char U+0176 (decimal 374)
   defining Unicode char U+0177 (decimal 375)
   defining Unicode char U+0218 (decimal 536)
   defining Unicode char U+0219 (decimal 537)
   defining Unicode char U+021A (decimal 538)
   defining Unicode char U+021B (decimal 539)
   defining Unicode char U+2013 (decimal 8211)
   defining Unicode char U+2014 (decimal 8212)
   defining Unicode char U+2018 (decimal 8216)
   defining Unicode char U+2019 (decimal 8217)
   defining Unicode char U+201C (decimal 8220)
   defining Unicode char U+201D (decimal 8221)
)
Now handling font encoding OMS ...
... processing UTF-8 mapping file for font encoding OMS

("C:\Program Files\MiKTeX 2.9\tex\latex\base\omsenc.dfu"
File: omsenc.dfu 2016/02/28 v1.1s UTF-8 support for inputenc
   defining Unicode char U+00A7 (decimal 167)
   defining Unicode char U+00B6 (decimal 182)
   defining Unicode char U+00B7 (decimal 183)
   defining Unicode char U+2020 (decimal 8224)
   defining Unicode char U+2021 (decimal 8225)
   defining Unicode char U+2022 (decimal 8226)
)
Now handling font encoding OMX ...
... no UTF-8 mapping file for font encoding OMX
Now handling font encoding U ...
... no UTF-8 mapping file for font encoding U
Now handling font encoding T5 ...
... processing UTF-8 mapping file for font encoding T5

("C:\Program Files\MiKTeX 2.9\tex\latex\vntex\t5enc.dfu"
File: t5enc.dfu 2006/08/19 v1.1 UTF8 support for Vietnamese
   defining Unicode char U+00AB (decimal 171)
   defining Unicode char U+00BB (decimal 187)
   defining Unicode char U+00C0 (decimal 192)
   defining Unicode char U+00C1 (decimal 193)
   defining Unicode char U+00C2 (decimal 194)
   defining Unicode char U+00C3 (decimal 195)
   defining Unicode char U+00C8 (decimal 200)
   defining Unicode char U+00C9 (decimal 201)
   defining Unicode char U+00CA (decimal 202)
   defining Unicode char U+00CC (decimal 204)
   defining Unicode char U+00CD (decimal 205)
   defining Unicode char U+00D2 (decimal 210)
   defining Unicode char U+00D3 (decimal 211)
   defining Unicode char U+00D4 (decimal 212)
   defining Unicode char U+00D5 (decimal 213)
   defining Unicode char U+00D9 (decimal 217)
   defining Unicode char U+00DA (decimal 218)
   defining Unicode char U+00DD (decimal 221)
   defining Unicode char U+00E0 (decimal 224)
   defining Unicode char U+00E1 (decimal 225)
   defining Unicode char U+00E2 (decimal 226)
   defining Unicode char U+00E3 (decimal 227)
   defining Unicode char U+00E8 (decimal 232)
   defining Unicode char U+00E9 (decimal 233)
   defining Unicode char U+00EA (decimal 234)
   defining Unicode char U+00EC (decimal 236)
   defining Unicode char U+00ED (decimal 237)
   defining Unicode char U+00F2 (decimal 242)
   defining Unicode char U+00F3 (decimal 243)
   defining Unicode char U+00F4 (decimal 244)
   defining Unicode char U+00F5 (decimal 245)
   defining Unicode char U+00F9 (decimal 249)
   defining Unicode char U+00FA (decimal 250)
   defining Unicode char U+00FD (decimal 253)
   defining Unicode char U+0102 (decimal 258)
   defining Unicode char U+0103 (decimal 259)
   defining Unicode char U+0110 (decimal 272)
   defining Unicode char U+0111 (decimal 273)
   defining Unicode char U+0128 (decimal 296)
   defining Unicode char U+0129 (decimal 297)
   defining Unicode char U+0131 (decimal 305)
   defining Unicode char U+0168 (decimal 360)
   defining Unicode char U+0169 (decimal 361)
   defining Unicode char U+01A0 (decimal 416)
   defining Unicode char U+01A1 (decimal 417)
   defining Unicode char U+01AF (decimal 431)
   defining Unicode char U+01B0 (decimal 432)
   defining Unicode char U+1EA0 (decimal 7840)
   defining Unicode char U+1EA1 (decimal 7841)
   defining Unicode char U+1EA2 (decimal 7842)
   defining Unicode char U+1EA3 (decimal 7843)
   defining Unicode char U+1EA4 (decimal 7844)
   defining Unicode char U+1EA5 (decimal 7845)
   defining Unicode char U+1EA6 (decimal 7846)
   defining Unicode char U+1EA7 (decimal 7847)
   defining Unicode char U+1EA8 (decimal 7848)
   defining Unicode char U+1EA9 (decimal 7849)
   defining Unicode char U+1EAA (decimal 7850)
   defining Unicode char U+1EAB (decimal 7851)
   defining Unicode char U+1EAC (decimal 7852)
   defining Unicode char U+1EAD (decimal 7853)
   defining Unicode char U+1EAE (decimal 7854)
   defining Unicode char U+1EAF (decimal 7855)
   defining Unicode char U+1EB0 (decimal 7856)
   defining Unicode char U+1EB1 (decimal 7857)
   defining Unicode char U+1EB2 (decimal 7858)
   defining Unicode char U+1EB3 (decimal 7859)
   defining Unicode char U+1EB4 (decimal 7860)
   defining Unicode char U+1EB5 (decimal 7861)
   defining Unicode char U+1EB6 (decimal 7862)
   defining Unicode char U+1EB7 (decimal 7863)
   defining Unicode char U+1EB8 (decimal 7864)
   defining Unicode char U+1EB9 (decimal 7865)
   defining Unicode char U+1EBA (decimal 7866)
   defining Unicode char U+1EBB (decimal 7867)
   defining Unicode char U+1EBC (decimal 7868)
   defining Unicode char U+1EBD (decimal 7869)
   defining Unicode char U+1EBE (decimal 7870)
   defining Unicode char U+1EBF (decimal 7871)
   defining Unicode char U+1EC0 (decimal 7872)
   defining Unicode char U+1EC1 (decimal 7873)
   defining Unicode char U+1EC2 (decimal 7874)
   defining Unicode char U+1EC3 (decimal 7875)
   defining Unicode char U+1EC4 (decimal 7876)
   defining Unicode char U+1EC5 (decimal 7877)
   defining Unicode char U+1EC6 (decimal 7878)
   defining Unicode char U+1EC7 (decimal 7879)
   defining Unicode char U+1EC8 (decimal 7880)
   defining Unicode char U+1EC9 (decimal 7881)
   defining Unicode char U+1ECA (decimal 7882)
   defining Unicode char U+1ECB (decimal 7883)
   defining Unicode char U+1ECC (decimal 7884)
   defining Unicode char U+1ECD (decimal 7885)
   defining Unicode char U+1ECE (decimal 7886)
   defining Unicode char U+1ECF (decimal 7887)
   defining Unicode char U+1ED0 (decimal 7888)
   defining Unicode char U+1ED1 (decimal 7889)
   defining Unicode char U+1ED2 (decimal 7890)
   defining Unicode char U+1ED3 (decimal 7891)
   defining Unicode char U+1ED4 (decimal 7892)
   defining Unicode char U+1ED5 (decimal 7893)
   defining Unicode char U+1ED6 (decimal 7894)
   defining Unicode char U+1ED7 (decimal 7895)
   defining Unicode char U+1ED8 (decimal 7896)
   defining Unicode char U+1ED9 (decimal 7897)
   defining Unicode char U+1EDA (decimal 7898)
   defining Unicode char U+1EDB (decimal 7899)
   defining Unicode char U+1EDC (decimal 7900)
   defining Unicode char U+1EDD (decimal 7901)
   defining Unicode char U+1EDE (decimal 7902)
   defining Unicode char U+1EDF (decimal 7903)
   defining Unicode char U+1EE0 (decimal 7904)
   defining Unicode char U+1EE1 (decimal 7905)
   defining Unicode char U+1EE2 (decimal 7906)
   defining Unicode char U+1EE3 (decimal 7907)
   defining Unicode char U+1EE4 (decimal 7908)
   defining Unicode char U+1EE5 (decimal 7909)
   defining Unicode char U+1EE6 (decimal 7910)
   defining Unicode char U+1EE7 (decimal 7911)
   defining Unicode char U+1EE8 (decimal 7912)
   defining Unicode char U+1EE9 (decimal 7913)
   defining Unicode char U+1EEA (decimal 7914)
   defining Unicode char U+1EEB (decimal 7915)
   defining Unicode char U+1EEC (decimal 7916)
   defining Unicode char U+1EED (decimal 7917)
   defining Unicode char U+1EEE (decimal 7918)
   defining Unicode char U+1EEF (decimal 7919)
   defining Unicode char U+1EF0 (decimal 7920)
   defining Unicode char U+1EF1 (decimal 7921)
   defining Unicode char U+1EF2 (decimal 7922)
   defining Unicode char U+1EF3 (decimal 7923)
   defining Unicode char U+1EF4 (decimal 7924)
   defining Unicode char U+1EF5 (decimal 7925)
   defining Unicode char U+1EF6 (decimal 7926)
   defining Unicode char U+1EF7 (decimal 7927)
   defining Unicode char U+1EF8 (decimal 7928)
   defining Unicode char U+1EF9 (decimal 7929)
   defining Unicode char U+200C (decimal 8204)
   defining Unicode char U+2013 (decimal 8211)
   defining Unicode char U+2014 (decimal 8212)
   defining Unicode char U+2018 (decimal 8216)
   defining Unicode char U+2019 (decimal 8217)
   defining Unicode char U+201A (decimal 8218)
   defining Unicode char U+201C (decimal 8220)
   defining Unicode char U+201D (decimal 8221)
   defining Unicode char U+201E (decimal 8222)
   defining Unicode char U+2030 (decimal 8240)
   defining Unicode char U+2031 (decimal 8241)
   defining Unicode char U+2039 (decimal 8249)
   defining Unicode char U+203A (decimal 8250)
   defining Unicode char U+2423 (decimal 9251)
)
   defining Unicode char U+00A9 (decimal 169)
   defining Unicode char U+00AA (decimal 170)
   defining Unicode char U+00AE (decimal 174)
   defining Unicode char U+00BA (decimal 186)
   defining Unicode char U+02C6 (decimal 710)
   defining Unicode char U+02DC (decimal 732)
   defining Unicode char U+200C (decimal 8204)
   defining Unicode char U+2026 (decimal 8230)
   defining Unicode char U+2122 (decimal 8482)
   defining Unicode char U+2423 (decimal 9251)
))
("C:\Program Files\MiKTeX 2.9\tex\latex\vntex\vncaps.tex"
File: vncaps.tex 2006/06/07 v1.1 Captions in Vietnamese
))
("C:\Program Files\MiKTeX 2.9\tex\latex\titlesec\titleps.sty"
Package: titleps 2016/03/15 v1.1.1 Page styles

("C:\Program Files\MiKTeX 2.9\tex\latex\titlesec\ttlps.def"
File: ttlps.def 2016/03/15
))
("C:\Program Files\MiKTeX 2.9\tex\latex\graphics\graphicx.sty"
Package: graphicx 2014/10/28 v1.0g Enhanced LaTeX Graphics (DPC,SPQR)

("C:\Program Files\MiKTeX 2.9\tex\latex\graphics\keyval.sty"
Package: keyval 2014/10/28 v1.15 key=value parser (DPC)
\KV@toks@=\toks16
)
("C:\Program Files\MiKTeX 2.9\tex\latex\graphics\graphics.sty"
Package: graphics 2016/10/09 v1.0u Standard LaTeX Graphics (DPC,SPQR)

("C:\Program Files\MiKTeX 2.9\tex\latex\graphics\trig.sty"
Package: trig 2016/01/03 v1.10 sin cos tan (DPC)
)
("C:\Program Files\MiKTeX 2.9\tex\latex\graphics-cfg\graphics.cfg"
File: graphics.cfg 2016/06/04 v1.11 sample graphics configuration
)
Package graphics Info: Driver file: pdftex.def on input line 99.

("C:\Program Files\MiKTeX 2.9\tex\latex\graphics-def\pdftex.def"
File: pdftex.def 2017/01/12 v0.06k Graphics/color for pdfTeX

("C:\Program Files\MiKTeX 2.9\tex\generic\oberdiek\infwarerr.sty"
Package: infwarerr 2016/05/16 v1.4 Providing info/warning/error messages (HO)
)
("C:\Program Files\MiKTeX 2.9\tex\generic\oberdiek\ltxcmds.sty"
Package: ltxcmds 2016/05/16 v1.23 LaTeX kernel commands for general use (HO)
)
\Gread@gobject=\count87
))
\Gin@req@height=\dimen103
\Gin@req@width=\dimen104
)
("C:\Program Files\MiKTeX 2.9\tex\latex\listings\listings.sty"
\lst@mode=\count88
\lst@gtempboxa=\box26
\lst@token=\toks17
\lst@length=\count89
\lst@currlwidth=\dimen105
\lst@column=\count90
\lst@pos=\count91
\lst@lostspace=\dimen106
\lst@width=\dimen107
\lst@newlines=\count92
\lst@lineno=\count93
\lst@maxwidth=\dimen108

("C:\Program Files\MiKTeX 2.9\tex\latex\listings\lstmisc.sty"
File: lstmisc.sty 2015/06/04 1.6 (Carsten Heinz)
\c@lstnumber=\count94
\lst@skipnumbers=\count95
\lst@framebox=\box27
)
("C:\Program Files\MiKTeX 2.9\tex\latex\listings\listings.cfg"
File: listings.cfg 2015/06/04 1.6 listings configuration
))
Package: listings 2015/06/04 1.6 (Carsten Heinz)

("C:\Program Files\MiKTeX 2.9\tex\latex\underscore\underscore.sty"
Package: underscore 2006/09/13
LaTeX Info: Redefining \_ on input line 42.
)
("C:\Program Files\MiKTeX 2.9\tex\latex\hyperref\hyperref.sty"
Package: hyperref 2016/06/24 v6.83q Hypertext links for LaTeX

("C:\Program Files\MiKTeX 2.9\tex\generic\oberdiek\hobsub-hyperref.sty"
Package: hobsub-hyperref 2016/05/16 v1.14 Bundle oberdiek, subset hyperref (HO)


("C:\Program Files\MiKTeX 2.9\tex\generic\oberdiek\hobsub-generic.sty"
Package: hobsub-generic 2016/05/16 v1.14 Bundle oberdiek, subset generic (HO)
Package: hobsub 2016/05/16 v1.14 Construct package bundles (HO)
Package hobsub Info: Skipping package `infwarerr' (already loaded).
Package hobsub Info: Skipping package `ltxcmds' (already loaded).
Package: ifluatex 2016/05/16 v1.4 Provides the ifluatex switch (HO)
Package ifluatex Info: LuaTeX not detected.
Package: ifvtex 2016/05/16 v1.6 Detect VTeX and its facilities (HO)
Package ifvtex Info: VTeX not detected.
Package: intcalc 2016/05/16 v1.2 Expandable calculations with integers (HO)
Package: ifpdf 2016/05/14 v3.1 Provides the ifpdf switch
Package: etexcmds 2016/05/16 v1.6 Avoid name clashes with e-TeX commands (HO)
Package etexcmds Info: Could not find \expanded.
(etexcmds)             That can mean that you are not using pdfTeX 1.50 or
(etexcmds)             that some package has redefined \expanded.
(etexcmds)             In the latter case, load this package earlier.
Package: kvsetkeys 2016/05/16 v1.17 Key value parser (HO)
Package: kvdefinekeys 2016/05/16 v1.4 Define keys (HO)
Package: pdftexcmds 2016/05/21 v0.22 Utility functions of pdfTeX for LuaTeX (HO
)
Package pdftexcmds Info: LuaTeX not detected.
Package pdftexcmds Info: \pdf@primitive is available.
Package pdftexcmds Info: \pdf@ifprimitive is available.
Package pdftexcmds Info: \pdfdraftmode found.
Package: pdfescape 2016/05/16 v1.14 Implements pdfTeX's escape features (HO)
Package: bigintcalc 2016/05/16 v1.4 Expandable calculations on big integers (HO
)
Package: bitset 2016/05/16 v1.2 Handle bit-vector datatype (HO)
Package: uniquecounter 2016/05/16 v1.3 Provide unlimited unique counter (HO)
)
Package hobsub Info: Skipping package `hobsub' (already loaded).
Package: letltxmacro 2016/05/16 v1.5 Let assignment for LaTeX macros (HO)
Package: hopatch 2016/05/16 v1.3 Wrapper for package hooks (HO)
Package: xcolor-patch 2016/05/16 xcolor patch
Package: atveryend 2016/05/16 v1.9 Hooks at the very end of document (HO)
Package atveryend Info: \enddocument detected (standard20110627).
Package: atbegshi 2016/06/09 v1.18 At begin shipout hook (HO)
Package: refcount 2016/05/16 v3.5 Data extraction from label references (HO)
Package: hycolor 2016/05/16 v1.8 Color options for hyperref/bookmark (HO)
)
("C:\Program Files\MiKTeX 2.9\tex\generic\ifxetex\ifxetex.sty"
Package: ifxetex 2010/09/12 v0.6 Provides ifxetex conditional
)
("C:\Program Files\MiKTeX 2.9\tex\latex\oberdiek\auxhook.sty"
Package: auxhook 2016/05/16 v1.4 Hooks for auxiliary files (HO)
)
("C:\Program Files\MiKTeX 2.9\tex\latex\oberdiek\kvoptions.sty"
Package: kvoptions 2016/05/16 v3.12 Key value format for package options (HO)
)
\@linkdim=\dimen109
\Hy@linkcounter=\count96
\Hy@pagecounter=\count97

("C:\Program Files\MiKTeX 2.9\tex\latex\hyperref\pd1enc.def"
File: pd1enc.def 2016/06/24 v6.83q Hyperref: PDFDocEncoding definition (HO)
Now handling font encoding PD1 ...
... no UTF-8 mapping file for font encoding PD1
)
\Hy@SavedSpaceFactor=\count98

("C:\Program Files\MiKTeX 2.9\tex\latex\00miktex\hyperref.cfg"
File: hyperref.cfg 2002/06/06 v1.2 hyperref configuration of TeXLive
)
Package hyperref Info: Option `bookmarks' set `true' on input line 4362.
Package hyperref Info: Hyper figures OFF on input line 4486.
Package hyperref Info: Link nesting OFF on input line 4491.
Package hyperref Info: Hyper index ON on input line 4494.
Package hyperref Info: Plain pages OFF on input line 4501.
Package hyperref Info: Backreferencing OFF on input line 4506.
Package hyperref Info: Implicit mode ON; LaTeX internals redefined.
Package hyperref Info: Bookmarks ON on input line 4735.
\c@Hy@tempcnt=\count99

("C:\Program Files\MiKTeX 2.9\tex\latex\url\url.sty"
\Urlmuskip=\muskip10
Package: url 2013/09/16  ver 3.4  Verb mode for urls, etc.
)
LaTeX Info: Redefining \url on input line 5088.
\XeTeXLinkMargin=\dimen110
\Fld@menulength=\count100
\Field@Width=\dimen111
\Fld@charsize=\dimen112
Package hyperref Info: Hyper figures OFF on input line 6342.
Package hyperref Info: Link nesting OFF on input line 6347.
Package hyperref Info: Hyper index ON on input line 6350.
Package hyperref Info: backreferencing OFF on input line 6357.
Package hyperref Info: Link coloring OFF on input line 6362.
Package hyperref Info: Link coloring with OCG OFF on input line 6367.
Package hyperref Info: PDF/A mode OFF on input line 6372.
LaTeX Info: Redefining \ref on input line 6412.
LaTeX Info: Redefining \pageref on input line 6416.
\Hy@abspage=\count101
\c@Item=\count102
\c@Hfootnote=\count103
)

Package hyperref Message: Driver (autodetected): hpdftex.

("C:\Program Files\MiKTeX 2.9\tex\latex\hyperref\hpdftex.def"
File: hpdftex.def 2016/06/24 v6.83q Hyperref driver for pdfTeX
\Fld@listcount=\count104
\c@bookmark@seq@number=\count105

("C:\Program Files\MiKTeX 2.9\tex\latex\oberdiek\rerunfilecheck.sty"
Package: rerunfilecheck 2016/05/16 v1.8 Rerun checks for auxiliary files (HO)
Package uniquecounter Info: New unique counter `rerunfilecheck' on input line 2
82.
)
\Hy@SectionHShift=\skip43
)
("C:\Program Files\MiKTeX 2.9\tex\latex\amsmath\amsmath.sty"
Package: amsmath 2016/11/05 v2.16a AMS math features
\@mathmargin=\skip44

For additional information on amsmath, use the `?' option.
("C:\Program Files\MiKTeX 2.9\tex\latex\amsmath\amstext.sty"
Package: amstext 2000/06/29 v2.01 AMS text

("C:\Program Files\MiKTeX 2.9\tex\latex\amsmath\amsgen.sty"
File: amsgen.sty 1999/11/30 v2.0 generic functions
\@emptytoks=\toks18
\ex@=\dimen113
))
("C:\Program Files\MiKTeX 2.9\tex\latex\amsmath\amsbsy.sty"
Package: amsbsy 1999/11/29 v1.2d Bold Symbols
\pmbraise@=\dimen114
)
("C:\Program Files\MiKTeX 2.9\tex\latex\amsmath\amsopn.sty"
Package: amsopn 2016/03/08 v2.02 operator names
)
\inf@bad=\count106
LaTeX Info: Redefining \frac on input line 213.
\uproot@=\count107
\leftroot@=\count108
LaTeX Info: Redefining \overline on input line 375.
\classnum@=\count109
\DOTSCASE@=\count110
LaTeX Info: Redefining \ldots on input line 472.
LaTeX Info: Redefining \dots on input line 475.
LaTeX Info: Redefining \cdots on input line 596.
\Mathstrutbox@=\box28
\strutbox@=\box29
\big@size=\dimen115
LaTeX Font Info:    Redeclaring font encoding OML on input line 712.
LaTeX Font Info:    Redeclaring font encoding OMS on input line 713.
\macc@depth=\count111
\c@MaxMatrixCols=\count112
\dotsspace@=\muskip11
\c@parentequation=\count113
\dspbrk@lvl=\count114
\tag@help=\toks19
\row@=\count115
\column@=\count116
\maxfields@=\count117
\andhelp@=\toks20
\eqnshift@=\dimen116
\alignsep@=\dimen117
\tagshift@=\dimen118
\tagwidth@=\dimen119
\totwidth@=\dimen120
\lineht@=\dimen121
\@envbody=\toks21
\multlinegap=\skip45
\multlinetaggap=\skip46
\mathdisplay@stack=\toks22
LaTeX Info: Redefining \[ on input line 2817.
LaTeX Info: Redefining \] on input line 2818.
)
("C:\Program Files\MiKTeX 2.9\tex\latex\pgf\math\pgfmath.sty"
("C:\Program Files\MiKTeX 2.9\tex\latex\pgf\utilities\pgfrcs.sty"
("C:\Program Files\MiKTeX 2.9\tex\generic\pgf\utilities\pgfutil-common.tex"
\pgfutil@everybye=\toks23
\pgfutil@tempdima=\dimen122
\pgfutil@tempdimb=\dimen123

("C:\Program Files\MiKTeX 2.9\tex\generic\pgf\utilities\pgfutil-common-lists.te
x")) ("C:\Program Files\MiKTeX 2.9\tex\generic\pgf\utilities\pgfutil-latex.def"
\pgfutil@abb=\box30
("C:\Program Files\MiKTeX 2.9\tex\latex\ms\everyshi.sty"
Package: everyshi 2001/05/15 v3.00 EveryShipout Package (MS)
))
("C:\Program Files\MiKTeX 2.9\tex\generic\pgf\utilities\pgfrcs.code.tex"
Package: pgfrcs 2015/08/07 v3.0.1a (rcs-revision 1.31)
))
("C:\Program Files\MiKTeX 2.9\tex\latex\pgf\utilities\pgfkeys.sty"
("C:\Program Files\MiKTeX 2.9\tex\generic\pgf\utilities\pgfkeys.code.tex"
\pgfkeys@pathtoks=\toks24
\pgfkeys@temptoks=\toks25

("C:\Program Files\MiKTeX 2.9\tex\generic\pgf\utilities\pgfkeysfiltered.code.te
x"
\pgfkeys@tmptoks=\toks26
))) ("C:\Program Files\MiKTeX 2.9\tex\generic\pgf\math\pgfmath.code.tex"
("C:\Program Files\MiKTeX 2.9\tex\generic\pgf\math\pgfmathcalc.code.tex"
("C:\Program Files\MiKTeX 2.9\tex\generic\pgf\math\pgfmathutil.code.tex"
\pgf@x=\dimen124
\pgf@xa=\dimen125
\pgf@xb=\dimen126
\pgf@xc=\dimen127
\pgf@y=\dimen128
\pgf@ya=\dimen129
\pgf@yb=\dimen130
\pgf@yc=\dimen131
\c@pgf@counta=\count118
\c@pgf@countb=\count119
\c@pgf@countc=\count120
\c@pgf@countd=\count121
)
("C:\Program Files\MiKTeX 2.9\tex\generic\pgf\math\pgfmathparser.code.tex"
\pgfmath@dimen=\dimen132
\pgfmath@count=\count122
\pgfmath@box=\box31
\pgfmath@toks=\toks27
\pgfmath@stack@operand=\toks28
\pgfmath@stack@operation=\toks29
)
("C:\Program Files\MiKTeX 2.9\tex\generic\pgf\math\pgfmathfunctions.code.tex"
("C:\Program Files\MiKTeX 2.9\tex\generic\pgf\math\pgfmathfunctions.basic.code.
tex")
("C:\Program Files\MiKTeX 2.9\tex\generic\pgf\math\pgfmathfunctions.trigonometr
ic.code.tex")
("C:\Program Files\MiKTeX 2.9\tex\generic\pgf\math\pgfmathfunctions.random.code
.tex")
("C:\Program Files\MiKTeX 2.9\tex\generic\pgf\math\pgfmathfunctions.comparison.
code.tex")
("C:\Program Files\MiKTeX 2.9\tex\generic\pgf\math\pgfmathfunctions.base.code.t
ex")
("C:\Program Files\MiKTeX 2.9\tex\generic\pgf\math\pgfmathfunctions.round.code.
tex")
("C:\Program Files\MiKTeX 2.9\tex\generic\pgf\math\pgfmathfunctions.misc.code.t
ex")
("C:\Program Files\MiKTeX 2.9\tex\generic\pgf\math\pgfmathfunctions.integerarit
hmetics.code.tex")))
("C:\Program Files\MiKTeX 2.9\tex\generic\pgf\math\pgfmathfloat.code.tex"
\c@pgfmathroundto@lastzeros=\count123
)))
("C:\Program Files\MiKTeX 2.9\tex\latex\pgf\utilities\pgffor.sty"
("C:\Program Files\MiKTeX 2.9\tex\generic\pgf\utilities\pgffor.code.tex"
Package: pgffor 2013/12/13 v3.0.1a (rcs-revision 1.25)

("C:\Program Files\MiKTeX 2.9\tex\generic\pgf\math\pgfmath.code.tex")
\pgffor@iter=\dimen133
\pgffor@skip=\dimen134
\pgffor@stack=\toks30
\pgffor@toks=\toks31
))
("C:\Program Files\MiKTeX 2.9\tex\latex\tools\indentfirst.sty"
Package: indentfirst 1995/11/23 v1.03 Indent first paragraph (DPC)
)
("C:\Program Files\MiKTeX 2.9\tex\latex\oberdiek\pdflscape.sty"
Package: pdflscape 2016/05/14 v0.11 Display of landscape pages in PDF (HO)

("C:\Program Files\MiKTeX 2.9\tex\latex\graphics\lscape.sty"
Package: lscape 2000/10/22 v3.01 Landscape Pages (DPC)
)
Package pdflscape Info: Auto-detected driver: pdftex on input line 81.
)
("C:\Program Files\MiKTeX 2.9\tex\latex\wrapfig\wrapfig.sty"
\wrapoverhang=\dimen135
\WF@size=\dimen136
\c@WF@wrappedlines=\count124
\WF@box=\box32
\WF@everypar=\toks32
Package: wrapfig 2003/01/31  v 3.6
)
("C:\Program Files\MiKTeX 2.9\tex\latex\adjustbox\adjustbox.sty"
Package: adjustbox 2012/05/21 v1.0 Adjusting TeX boxes (trim, clip, ...)

("C:\Program Files\MiKTeX 2.9\tex\latex\xkeyval\xkeyval.sty"
Package: xkeyval 2014/12/03 v2.7a package option processing (HA)

("C:\Program Files\MiKTeX 2.9\tex\generic\xkeyval\xkeyval.tex"
("C:\Program Files\MiKTeX 2.9\tex\generic\xkeyval\xkvutils.tex"
\XKV@toks=\toks33
\XKV@tempa@toks=\toks34
)
\XKV@depth=\count125
File: xkeyval.tex 2014/12/03 v2.7a key=value parser (HA)
))
("C:\Program Files\MiKTeX 2.9\tex\latex\adjustbox\adjcalc.sty"
Package: adjcalc 2012/05/16 v1.1 Provides advanced setlength with multiple back
-ends (calc, etex, pgfmath)
)
("C:\Program Files\MiKTeX 2.9\tex\latex\adjustbox\trimclip.sty"
Package: trimclip 2012/05/16 v1.0 Trim and clip general TeX material

("C:\Program Files\MiKTeX 2.9\tex\latex\collectbox\collectbox.sty"
Package: collectbox 2012/05/17 v0.4b Collect macro arguments as boxes
\collectedbox=\box33
)
\tc@llx=\dimen137
\tc@lly=\dimen138
\tc@urx=\dimen139
\tc@ury=\dimen140
Package trimclip Info: Using driver 'tc-pdftex.def'.

("C:\Program Files\MiKTeX 2.9\tex\latex\adjustbox\tc-pdftex.def"
File: tc-pdftex.def 2012/05/13 v1.0 Clipping driver for pdftex
))
\adjbox@Width=\dimen141
\adjbox@Height=\dimen142
\adjbox@Depth=\dimen143
\adjbox@Totalheight=\dimen144

("C:\Program Files\MiKTeX 2.9\tex\latex\ifoddpage\ifoddpage.sty"
Package: ifoddpage 2016/04/23 v1.1 Conditionals for odd/even page detection
\c@checkoddpage=\count126
)
("C:\Program Files\MiKTeX 2.9\tex\latex\ltxmisc\varwidth.sty"
Package: varwidth 2009/03/30 ver 0.92;  Variable-width minipages
\@vwid@box=\box34
\sift@deathcycles=\count127
\@vwid@loff=\dimen145
\@vwid@roff=\dimen146
))
("C:\Program Files\MiKTeX 2.9\tex\latex\tools\longtable.sty"
Package: longtable 2014/10/28 v4.11 Multi-page Table package (DPC)
\LTleft=\skip47
\LTright=\skip48
\LTpre=\skip49
\LTpost=\skip50
\LTchunksize=\count128
\LTcapwidth=\dimen147
\LT@head=\box35
\LT@firsthead=\box36
\LT@foot=\box37
\LT@lastfoot=\box38
\LT@cols=\count129
\LT@rows=\count130
\c@LT@tables=\count131
\c@LT@chunks=\count132
\LT@p@ftn=\toks35
)
("C:\Program Files\MiKTeX 2.9\tex\latex\caption\subcaption.sty"
Package: subcaption 2016/05/22 v1.1-161 Sub-captions (AR)

("C:\Program Files\MiKTeX 2.9\tex\latex\caption\caption.sty"
Package: caption 2016/02/21 v3.3-144 Customizing captions (AR)

("C:\Program Files\MiKTeX 2.9\tex\latex\caption\caption3.sty"
Package: caption3 2016/05/22 v1.7-166 caption3 kernel (AR)
Package caption3 Info: TeX engine: e-TeX on input line 67.
\captionmargin=\dimen148
\captionmargin@=\dimen149
\captionwidth=\dimen150
\caption@tempdima=\dimen151
\caption@indent=\dimen152
\caption@parindent=\dimen153
\caption@hangindent=\dimen154
)
\c@ContinuedFloat=\count133
Package caption Info: hyperref package is loaded.
Package caption Info: listings package is loaded.
Package caption Info: longtable package is loaded.

("C:\Program Files\MiKTeX 2.9\tex\latex\caption\ltcaption.sty"
Package: ltcaption 2013/06/09 v1.4-94 longtable captions (AR)
)
Package caption Info: wrapfig package is loaded.
)
\c@subfigure=\count134
\c@subtable=\count135
)
("C:\Program Files\MiKTeX 2.9\tex\generic\genmisc\kbordermatrix.sty"
Package: kbordermatrix 2011/09/21 Bordered matrix with brackets
\kbcolsep=\skip51
\kbrowsep=\skip52
\br@kwd=\skip53
\k@bordht=\skip54
)
("C:\Program Files\MiKTeX 2.9\tex\latex\amsfonts\amsfonts.sty"
Package: amsfonts 2013/01/14 v3.01 Basic AMSFonts support
\symAMSa=\mathgroup4
\symAMSb=\mathgroup5
LaTeX Font Info:    Overwriting math alphabet `\mathfrak' in version `bold'
(Font)                  U/euf/m/n --> U/euf/b/n on input line 106.
)
("C:\Program Files\MiKTeX 2.9\tex\latex\amsfonts\amssymb.sty"
Package: amssymb 2013/01/14 v3.01 AMS font symbols
)
("C:\Program Files\MiKTeX 2.9\tex\latex\subfiles\subfiles.sty"
Package: subfiles 2012/05/23 Federico Garcia

("C:\Program Files\MiKTeX 2.9\tex\latex\tools\verbatim.sty"
Package: verbatim 2014/10/28 v1.5q LaTeX2e package for verbatim enhancements
\every@verbatim=\toks36
\verbatim@line=\toks37
\verbatim@in@stream=\read1
))
("C:\Program Files\MiKTeX 2.9\tex\latex\base\fontenc.sty"
Package: fontenc 2017/01/24 v2.0c Standard LaTeX package

("C:\Program Files\MiKTeX 2.9\tex\latex\base\t1enc.def"
File: t1enc.def 2017/01/24 v2.0c Standard LaTeX file
LaTeX Font Info:    Redeclaring font encoding T1 on input line 48.
)
("C:\Program Files\MiKTeX 2.9\tex\latex\vntex\t5enc.def"
File: t5enc.def 2006/11/21 v1.4 Vietnamese T5 encoding
LaTeX Font Info:    Redeclaring font encoding T5 on input line 75.
))
("C:\Program Files\MiKTeX 2.9\tex\latex\geometry\geometry.sty"
Package: geometry 2010/09/12 v5.6 Page Geometry
\Gm@cnth=\count136
\Gm@cntv=\count137
\c@Gm@tempcnt=\count138
\Gm@bindingoffset=\dimen155
\Gm@wd@mp=\dimen156
\Gm@odd@mp=\dimen157
\Gm@even@mp=\dimen158
\Gm@layoutwidth=\dimen159
\Gm@layoutheight=\dimen160
\Gm@layouthoffset=\dimen161
\Gm@layoutvoffset=\dimen162
\Gm@dimlist=\toks38

("C:\Program Files\MiKTeX 2.9\tex\latex\geometry\geometry.cfg"))

Package hyperref Warning: Option `bookmarks' has already been used,
(hyperref)                setting the option has no effect on input line 39.


Package hyperref Warning: Composite letter `\textacute+\ocircumflex'
(hyperref)                not defined in PD1 encoding,
(hyperref)                removing `\textacute' on input line 39.


Package hyperref Warning: Glyph not defined in PD1 encoding,
(hyperref)                removing `\ocircumflex' on input line 39.


Package hyperref Warning: Composite letter `\texttilde+\ecircumflex'
(hyperref)                not defined in PD1 encoding,
(hyperref)                removing `\texttilde' on input line 39.


Package hyperref Warning: Glyph not defined in PD1 encoding,
(hyperref)                removing `\ecircumflex' on input line 39.


Package hyperref Warning: Composite letter `\textdotbelow+a'
(hyperref)                not defined in PD1 encoding,
(hyperref)                removing `\textdotbelow' on input line 39.


Package hyperref Warning: Glyph not defined in PD1 encoding,
(hyperref)                removing `\uhorn' on input line 39.


Package hyperref Warning: Composite letter `\textasciigrave+\ohorn'
(hyperref)                not defined in PD1 encoding,
(hyperref)                removing `\textasciigrave' on input line 39.


Package hyperref Warning: Glyph not defined in PD1 encoding,
(hyperref)                removing `\ohorn' on input line 39.


Package hyperref Warning: Composite letter `\textdotbelow+a'
(hyperref)                not defined in PD1 encoding,
(hyperref)                removing `\textdotbelow' on input line 39.


Package hyperref Warning: Composite letter `\textacute+\uhorn'
(hyperref)                not defined in PD1 encoding,
(hyperref)                removing `\textacute' on input line 39.


Package hyperref Warning: Glyph not defined in PD1 encoding,
(hyperref)                removing `\uhorn' on input line 39.


Package hyperref Warning: Composite letter `\texttilde+u'
(hyperref)                not defined in PD1 encoding,
(hyperref)                removing `\texttilde' on input line 39.


Package hyperref Warning: Glyph not defined in PD1 encoding,
(hyperref)                removing `\uhorn' on input line 39.


Package hyperref Warning: Composite letter `\textacute+\ohorn'
(hyperref)                not defined in PD1 encoding,
(hyperref)                removing `\textacute' on input line 39.


Package hyperref Warning: Glyph not defined in PD1 encoding,
(hyperref)                removing `\ohorn' on input line 39.


Package hyperref Warning: Composite letter `\textdotbelow+i'
(hyperref)                not defined in PD1 encoding,
(hyperref)                removing `\textdotbelow' on input line 39.


Package hyperref Warning: Glyph not defined in PD1 encoding,
(hyperref)                removing `\h' on input line 39.

Package hyperref Info: Option `colorlinks' set `true' on input line 39.
(cnd.aux)
\openout1 = `cnd.aux'.

LaTeX Font Info:    Checking defaults for OML/cmm/m/it on input line 64.
LaTeX Font Info:    ... okay on input line 64.
LaTeX Font Info:    Checking defaults for T1/cmr/m/n on input line 64.
LaTeX Font Info:    ... okay on input line 64.
LaTeX Font Info:    Checking defaults for OT1/cmr/m/n on input line 64.
LaTeX Font Info:    ... okay on input line 64.
LaTeX Font Info:    Checking defaults for OMS/cmsy/m/n on input line 64.
LaTeX Font Info:    ... okay on input line 64.
LaTeX Font Info:    Checking defaults for OMX/cmex/m/n on input line 64.
LaTeX Font Info:    ... okay on input line 64.
LaTeX Font Info:    Checking defaults for U/cmr/m/n on input line 64.
LaTeX Font Info:    ... okay on input line 64.
LaTeX Font Info:    Checking defaults for T5/cmr/m/n on input line 64.
LaTeX Font Info:    ... okay on input line 64.
LaTeX Font Info:    Checking defaults for PD1/pdf/m/n on input line 64.
LaTeX Font Info:    ... okay on input line 64.
 ("C:\Program Files\MiKTeX 2.9\tex\context\base\supp-pdf.mkii"
[Loading MPS to PDF converter (version 2006.09.02).]
\scratchcounter=\count139
\scratchdimen=\dimen163
\scratchbox=\box39
\nofMPsegments=\count140
\nofMParguments=\count141
\everyMPshowfont=\toks39
\MPscratchCnt=\count142
\MPscratchDim=\dimen164
\MPnumerator=\count143
\makeMPintoPDFobject=\count144
\everyMPtoPDFconversion=\toks40
) ("C:\Program Files\MiKTeX 2.9\tex\latex\oberdiek\epstopdf-base.sty"
Package: epstopdf-base 2016/05/15 v2.6 Base part for package epstopdf

("C:\Program Files\MiKTeX 2.9\tex\latex\oberdiek\grfext.sty"
Package: grfext 2016/05/16 v1.2 Manage graphics extensions (HO)
)
Package epstopdf-base Info: Redefining graphics rule for `.eps' on input line 4
38.
Package grfext Info: Graphics extension search list:
(grfext)             [.png,.pdf,.jpg,.mps,.jpeg,.jbig2,.jb2,.PNG,.PDF,.JPG,.JPE
G,.JBIG2,.JB2,.eps]
(grfext)             \AppendGraphicsExtensions on input line 456.
)
\c@lstlisting=\count145
\AtBeginShipoutBox=\box40

("C:\Program Files\MiKTeX 2.9\tex\latex\graphics\color.sty"
Package: color 2016/07/10 v1.1e Standard LaTeX Color (DPC)

("C:\Program Files\MiKTeX 2.9\tex\latex\graphics-cfg\color.cfg"
File: color.cfg 2016/01/02 v1.6 sample color configuration
)
Package color Info: Driver file: pdftex.def on input line 147.
)
Package hyperref Info: Link coloring ON on input line 64.

("C:\Program Files\MiKTeX 2.9\tex\latex\hyperref\nameref.sty"
Package: nameref 2016/05/21 v2.44 Cross-referencing by name of section

("C:\Program Files\MiKTeX 2.9\tex\generic\oberdiek\gettitlestring.sty"
Package: gettitlestring 2016/05/16 v1.5 Cleanup title references (HO)
)
\c@section@level=\count146
)
LaTeX Info: Redefining \ref on input line 64.
LaTeX Info: Redefining \pageref on input line 64.
LaTeX Info: Redefining \nameref on input line 64.

(cnd.out) (cnd.out)
\@outlinefile=\write3
\openout3 = `cnd.out'.

 ABD: EveryShipout initializing macros
Package caption Info: Begin \AtBeginDocument code.
Package caption Info: End \AtBeginDocument code.

*geometry* driver: auto-detecting
*geometry* detected driver: pdftex
*geometry* verbose mode - [ preamble ] result:
* driver: pdftex
* paper: <default>
* layout: <same size as paper>
* layoutoffset:(h,v)=(0.0pt,0.0pt)
* modes: 
* h-part:(L,W,R)=(56.9055pt, 500.484pt, 56.9055pt)
* v-part:(T,H,B)=(71.13188pt, 652.70622pt, 71.13188pt)
* \paperwidth=614.295pt
* \paperheight=794.96999pt
* \textwidth=500.484pt
* \textheight=652.70622pt
* \oddsidemargin=-15.36449pt
* \evensidemargin=-15.36449pt
* \topmargin=-38.1381pt
* \headheight=12.0pt
* \headsep=25.0pt
* \topskip=12.0pt
* \footskip=30.0pt
* \marginparwidth=44.0pt
* \marginparsep=10.0pt
* \columnsep=10.0pt
* \skip\footins=10.8pt plus 4.0pt minus 2.0pt
* \hoffset=0.0pt
* \voffset=0.0pt
* \mag=1000
* \@twocolumnfalse
* \@twosidefalse
* \@mparswitchfalse
* \@reversemarginfalse
* (1in=72.27pt=25.4mm, 1cm=28.453pt)

LaTeX Font Info:    Try loading font information for U+msa on input line 66.
("C:\Program Files\MiKTeX 2.9\tex\latex\amsfonts\umsa.fd"
File: umsa.fd 2013/01/14 v3.01 AMS symbols A
)
LaTeX Font Info:    Try loading font information for U+msb on input line 66.

("C:\Program Files\MiKTeX 2.9\tex\latex\amsfonts\umsb.fd"
File: umsb.fd 2013/01/14 v3.01 AMS symbols B
)

LaTeX Warning: No \author given.

[1

{C:/ProgramData/MiKTeX/2.9/pdftex/config/pdftex.map}] (cnd.toc)
\tf@toc=\write4
\openout4 = `cnd.toc'.

 [2]

Package hyperref Warning: Composite letter `\textdotbelow+i'
(hyperref)                not defined in PD1 encoding,
(hyperref)                removing `\textdotbelow' on input line 75.


Package hyperref Warning: Glyph not defined in PD1 encoding,
(hyperref)                removing `\h' on input line 75.


Package hyperref Warning: Glyph not defined in PD1 encoding,
(hyperref)                removing `\uhorn' on input line 75.


Package hyperref Warning: Glyph not defined in PD1 encoding,
(hyperref)                removing `\h' on input line 75.


Package hyperref Warning: Glyph not defined in PD1 encoding,
(hyperref)                removing `\uhorn' on input line 75.


Package hyperref Warning: Glyph not defined in PD1 encoding,
(hyperref)                removing `\dj' on input line 75.


Package hyperref Warning: Glyph not defined in PD1 encoding,
(hyperref)                removing `\h' on input line 75.


Package hyperref Warning: Glyph not defined in PD1 encoding,
(hyperref)                removing `\ocircumflex' on input line 75.


Package caption Warning: \label without proper reference on input line 87.
See the caption package documentation for explanation.


LaTeX Warning: Reference `table:one' on page 3 undefined on input line 76.

[3]

Package hyperref Warning: Composite letter `\textacute+\ohorn'
(hyperref)                not defined in PD1 encoding,
(hyperref)                removing `\textacute' on input line 91.


Package hyperref Warning: Glyph not defined in PD1 encoding,
(hyperref)                removing `\ohorn' on input line 91.


Package hyperref Warning: Composite letter `\textdotbelow+\ecircumflex'
(hyperref)                not defined in PD1 encoding,
(hyperref)                removing `\textdotbelow' on input line 91.


Package hyperref Warning: Glyph not defined in PD1 encoding,
(hyperref)                removing `\ecircumflex' on input line 91.


Package hyperref Warning: Composite letter `\textacute+\ohorn'
(hyperref)                not defined in PD1 encoding,
(hyperref)                removing `\textacute' on input line 93.


Package hyperref Warning: Glyph not defined in PD1 encoding,
(hyperref)                removing `\ohorn' on input line 93.


Package hyperref Warning: Composite letter `\textdotbelow+\ecircumflex'
(hyperref)                not defined in PD1 encoding,
(hyperref)                removing `\textdotbelow' on input line 93.


Package hyperref Warning: Glyph not defined in PD1 encoding,
(hyperref)                removing `\ecircumflex' on input line 93.


Package hyperref Warning: Composite letter `\textasciigrave+\ecircumflex'
(hyperref)                not defined in PD1 encoding,
(hyperref)                removing `\textasciigrave' on input line 93.


Package hyperref Warning: Glyph not defined in PD1 encoding,
(hyperref)                removing `\ecircumflex' on input line 93.

LaTeX Font Info:    Try loading font information for OMS+cmr on input line 97.
("C:\Program Files\MiKTeX 2.9\tex\latex\base\omscmr.fd"
File: omscmr.fd 2014/09/29 v2.5h Standard LaTeX font definitions
)
LaTeX Font Info:    Font shape `OMS/cmr/m/n' in size <12> not available
(Font)              Font shape `OMS/cmsy/m/n' tried instead on input line 97.


Package hyperref Warning: Glyph not defined in PD1 encoding,
(hyperref)                removing `\h' on input line 101.


Package hyperref Warning: Glyph not defined in PD1 encoding,
(hyperref)                removing `\ocircumflex' on input line 101.


Package hyperref Warning: Composite letter `\textdotbelow+i'
(hyperref)                not defined in PD1 encoding,
(hyperref)                removing `\textdotbelow' on input line 105.


Package hyperref Warning: Glyph not defined in PD1 encoding,
(hyperref)                removing `\h' on input line 105.


Package hyperref Warning: Glyph not defined in PD1 encoding,
(hyperref)                removing `\uhorn' on input line 105.


Package hyperref Warning: Glyph not defined in PD1 encoding,
(hyperref)                removing `\dj' on input line 105.


Package hyperref Warning: Composite letter `\textasciigrave+\ohorn'
(hyperref)                not defined in PD1 encoding,
(hyperref)                removing `\textasciigrave' on input line 105.


Package hyperref Warning: Glyph not defined in PD1 encoding,
(hyperref)                removing `\ohorn' on input line 105.


Package hyperref Warning: Composite letter `\textasciigrave+\acircumflex'
(hyperref)                not defined in PD1 encoding,
(hyperref)                removing `\textasciigrave' on input line 111.


Package hyperref Warning: Glyph not defined in PD1 encoding,
(hyperref)                removing `\acircumflex' on input line 111.


Package hyperref Warning: Glyph not defined in PD1 encoding,
(hyperref)                removing `\ohorn' on input line 111.


Package hyperref Warning: Glyph not defined in PD1 encoding,
(hyperref)                removing `\h' on input line 111.


Package hyperref Warning: Glyph not defined in PD1 encoding,
(hyperref)                removing `\h' on input line 111.

[4]

Package hyperref Warning: Composite letter `\textdotbelow+\ocircumflex'
(hyperref)                not defined in PD1 encoding,
(hyperref)                removing `\textdotbelow' on input line 136.


Package hyperref Warning: Glyph not defined in PD1 encoding,
(hyperref)                removing `\ocircumflex' on input line 136.


Package hyperref Warning: Composite letter `\textacute+\uhorn'
(hyperref)                not defined in PD1 encoding,
(hyperref)                removing `\textacute' on input line 136.


Package hyperref Warning: Glyph not defined in PD1 encoding,
(hyperref)                removing `\uhorn' on input line 136.


Package hyperref Warning: Glyph not defined in PD1 encoding,
(hyperref)                removing `\h' on input line 136.

[5] [6]

Package hyperref Warning: Composite letter `\textacute+\ecircumflex'
(hyperref)                not defined in PD1 encoding,
(hyperref)                removing `\textacute' on input line 157.


Package hyperref Warning: Glyph not defined in PD1 encoding,
(hyperref)                removing `\ecircumflex' on input line 157.


Package hyperref Warning: Glyph not defined in PD1 encoding,
(hyperref)                removing `\h' on input line 160.


Package hyperref Warning: Glyph not defined in PD1 encoding,
(hyperref)                removing `\ocircumflex' on input line 160.

(contain/DrivingFactor.tex) (contain/BlockChainParadigm.tex [7])

Package hyperref Warning: Composite letter `\texttilde+\uhorn'
(hyperref)                not defined in PD1 encoding,
(hyperref)                removing `\texttilde' on input line 166.


Package hyperref Warning: Glyph not defined in PD1 encoding,
(hyperref)                removing `\uhorn' on input line 166.


Package hyperref Warning: Composite letter `\textacute+\abreve'
(hyperref)                not defined in PD1 encoding,
(hyperref)                removing `\textacute' on input line 166.


Package hyperref Warning: Glyph not defined in PD1 encoding,
(hyperref)                removing `\abreve' on input line 166.

(contain/Conventions.tex) [8]

Package hyperref Warning: Composite letter `\textacute+\ocircumflex'
(hyperref)                not defined in PD1 encoding,
(hyperref)                removing `\textacute' on input line 169.


Package hyperref Warning: Glyph not defined in PD1 encoding,
(hyperref)                removing `\ocircumflex' on input line 169.


Package hyperref Warning: Composite letter `\textdotbelow+a'
(hyperref)                not defined in PD1 encoding,
(hyperref)                removing `\textdotbelow' on input line 169.


Package hyperref Warning: Composite letter `\textdotbelow+i'
(hyperref)                not defined in PD1 encoding,
(hyperref)                removing `\textdotbelow' on input line 169.

(contain/BST.tex

Package hyperref Warning: Composite letter `\textacute+\ohorn'
(hyperref)                not defined in PD1 encoding,
(hyperref)                removing `\textacute' on input line 4.


Package hyperref Warning: Glyph not defined in PD1 encoding,
(hyperref)                removing `\ohorn' on input line 4.


Package hyperref Warning: Composite letter `\textdotbelow+a'
(hyperref)                not defined in PD1 encoding,
(hyperref)                removing `\textdotbelow' on input line 4.

[9]

Package hyperref Warning: Composite letter `\textdotbelow+i'
(hyperref)                not defined in PD1 encoding,
(hyperref)                removing `\textdotbelow' on input line 15.


Package hyperref Warning: Glyph not defined in PD1 encoding,
(hyperref)                removing `\h' on input line 15.


Package hyperref Warning: Composite letter `\textdotbelow+i'
(hyperref)                not defined in PD1 encoding,
(hyperref)                removing `\textdotbelow' on input line 22.


Package hyperref Warning: Composite letter `\textacute+\ocircumflex'
(hyperref)                not defined in PD1 encoding,
(hyperref)                removing `\textacute' on input line 32.


Package hyperref Warning: Glyph not defined in PD1 encoding,
(hyperref)                removing `\ocircumflex' on input line 32.

) [10]

Package hyperref Warning: Composite letter `\textdotbelow+\uhorn'
(hyperref)                not defined in PD1 encoding,
(hyperref)                removing `\textdotbelow' on input line 172.


Package hyperref Warning: Glyph not defined in PD1 encoding,
(hyperref)                removing `\uhorn' on input line 172.

(contain/GasPayment.tex)

Package hyperref Warning: Composite letter `\textdotbelow+\uhorn'
(hyperref)                not defined in PD1 encoding,
(hyperref)                removing `\textdotbelow' on input line 175.


Package hyperref Warning: Glyph not defined in PD1 encoding,
(hyperref)                removing `\uhorn' on input line 175.


Package hyperref Warning: Composite letter `\textdotbelow+\ecircumflex'
(hyperref)                not defined in PD1 encoding,
(hyperref)                removing `\textdotbelow' on input line 175.


Package hyperref Warning: Glyph not defined in PD1 encoding,
(hyperref)                removing `\ecircumflex' on input line 175.


Package hyperref Warning: Composite letter `\textdotbelow+i'
(hyperref)                not defined in PD1 encoding,
(hyperref)                removing `\textdotbelow' on input line 175.

(contain/transaction.tex)

Package hyperref Warning: Glyph not defined in PD1 encoding,
(hyperref)                removing `\dj' on input line 178.


Package hyperref Warning: Composite letter `\textdotbelow+\abreve'
(hyperref)                not defined in PD1 encoding,
(hyperref)                removing `\textdotbelow' on input line 178.


Package hyperref Warning: Glyph not defined in PD1 encoding,
(hyperref)                removing `\abreve' on input line 178.

(contain/setting.tex) (contain/voting.tex)

Package hyperref Warning: Composite letter `\textdotbelow+\ecircumflex'
(hyperref)                not defined in PD1 encoding,
(hyperref)                removing `\textdotbelow' on input line 183.


Package hyperref Warning: Glyph not defined in PD1 encoding,
(hyperref)                removing `\ecircumflex' on input line 183.


Package hyperref Warning: Glyph not defined in PD1 encoding,
(hyperref)                removing `\h' on input line 183.

(contain/reference.tex) [11] [12]
Package atveryend Info: Empty hook `BeforeClearDocument' on input line 185.
Package atveryend Info: Empty hook `AfterLastShipout' on input line 185.
 (cnd.aux)
Package atveryend Info: Executing hook `AtVeryEndDocument' on input line 185.
Package atveryend Info: Executing hook `AtEndAfterFileList' on input line 185.
Package rerunfilecheck Info: File `cnd.out' has not changed.
(rerunfilecheck)             Checksum: 7793A5E61A8483CAE77CBA09CD86B294;1461.


LaTeX Warning: There were undefined references.

Package atveryend Info: Empty hook `AtVeryVeryEnd' on input line 185.
 ) 
Here is how much of TeX's memory you used:
 16165 strings out of 493333
 264979 string characters out of 3139187
 334229 words of memory out of 3000000
 19331 multiletter control sequences out of 15000+200000
 18696 words of font info for 51 fonts, out of 3000000 for 9000
 1141 hyphenation exceptions out of 8191
 59i,11n,94p,1005b,391s stack positions out of 5000i,500n,10000p,200000b,50000s
<C:/Program Files/MiKTeX 2.9/fonts/type1/public/amsfonts/cm/cmmi12.pfb><C:/Pr
ogram Files/MiKTeX 2.9/fonts/type1/public/amsfonts/cm/cmmi8.pfb><C:/Program Fil
es/MiKTeX 2.9/fonts/type1/public/amsfonts/cm/cmr12.pfb><C:/Program Files/MiKTeX
 2.9/fonts/type1/public/amsfonts/cm/cmr8.pfb><C:/Program Files/MiKTeX 2.9/fonts
/type1/public/amsfonts/cm/cmsy10.pfb><C:/Program Files/MiKTeX 2.9/fonts/type1/v
ntex/vnr/vnbx12.pfb><C:/Program Files/MiKTeX 2.9/fonts/type1/vntex/vnr/vnr12.pf
b><C:/Program Files/MiKTeX 2.9/fonts/type1/vntex/vnr/vnr17.pfb>
Output written on cnd.pdf (12 pages, 150216 bytes).
PDF statistics:
 222 PDF objects out of 1000 (max. 8388607)
 49 named destinations out of 1000 (max. 500000)
 169 words of extra memory for PDF output out of 10000 (max. 10000000)

